2026-05-15 00:01:23,561  INFO  =================================================================
2026-05-15 00:01:23,561  INFO  Сбор макроэкономических показателей России 2012–2026
2026-05-15 00:01:23,561  INFO  =================================================================
2026-05-15 00:01:23,562  INFO  CBR: загружаем курс USD/RUB...
2026-05-15 00:01:24,626  INFO    → USD/RUB: 173 месяцев
2026-05-15 00:01:24,631  INFO    ✓ Курс USD/RUB добавлен
2026-05-15 00:01:25,131  INFO  CBR: загружаем ключевую ставку...
2026-05-15 00:01:25,685  ERROR    ✗ Ключевая ставка: 404 Client Error: Not Found for url: https://www.cbr.ru/hd_base/KeyRate/GetJsonDynamic?DateFrom=2012-01-01&DateTo=2026-12-31
2026-05-15 00:01:26,189  INFO  MOEX: загружаем IMOEX...
2026-05-15 00:01:31,470  ERROR    ✗ IMOEX: ('Connection aborted.', RemoteDisconnected('Remote end closed connection without response'))
2026-05-15 00:01:31,971  INFO  ЕМИСС: загружаем cpi_mom (id=30566)...
2026-05-15 00:01:32,887  WARNING    ! ЕМИСС недоступен для 'cpi_mom' (id=30566): 403 Client Error: Forbidden for url: https://fedstat.ru/api/data.do?id=30566&startDate=01.01.2012&endDate=31.12.2026
    Загрузите данные вручную: https://fedstat.ru/indicator/30566
2026-05-15 00:01:32,890  WARNING    ✗ ИПЦ м/м: нет данных
2026-05-15 00:01:33,391  INFO  ЕМИСС: загружаем unemployment_rate (id=31166)...
2026-05-15 00:01:34,023  WARNING    ! ЕМИСС недоступен для 'unemployment_rate' (id=31166): 403 Client Error: Forbidden for url: https://fedstat.ru/api/data.do?id=31166&startDate=01.01.2012&endDate=31.12.2026
    Загрузите данные вручную: https://fedstat.ru/indicator/31166
2026-05-15 00:01:34,025  WARNING    ✗ Безработица: нет данных
2026-05-15 00:01:34,530  INFO  ЕМИСС: загружаем real_income_yoy (id=37136)...
2026-05-15 00:01:35,161  WARNING    ! ЕМИСС недоступен для 'real_income_yoy' (id=37136): 403 Client Error: Forbidden for url: https://fedstat.ru/api/data.do?id=37136&startDate=01.01.2012&endDate=31.12.2026
    Загрузите данные вручную: https://fedstat.ru/indicator/37136
2026-05-15 00:01:35,163  WARNING    ✗ Реальные доходы: нет данных
2026-05-15 00:01:35,698  INFO  =================================================================
2026-05-15 00:01:35,698  INFO  Готово: 173 строк × 8 колонок → macro_indicators.csv
2026-05-15 00:01:35,698  INFO  Колонки: ['year', 'month', 'usd_rub', 'crisis_2014', 'crisis_covid', 'crisis_2022', 'usd_rub_mom_pct', 'usd_rub_yoy_pct']
2026-05-15 00:01:35,701  INFO  Доля пропусков (%): {'usd_rub_mom_pct': 0.6, 'usd_rub_yoy_pct': 6.9}
2026-05-15 00:05:49,873  INFO  =================================================================
2026-05-15 00:05:49,887  INFO  Сбор макроэкономических показателей России 2012–2026
2026-05-15 00:05:49,922  INFO  =================================================================
2026-05-15 00:05:49,927  INFO  CBR: загружаем курс USD/RUB...
2026-05-15 00:05:50,991  INFO    → USD/RUB: 173 месяцев
2026-05-15 00:05:50,997  INFO    ✓ Курс USD/RUB добавлен
2026-05-15 00:05:51,503  INFO  CBR: загружаем ключевую ставку (HTML)...
2026-05-15 00:05:52,721  INFO    → ключевая ставка: 153 записей
2026-05-15 00:05:52,726  INFO    ✓ Ключевая ставка добавлен
2026-05-15 00:05:53,230  INFO  MOEX: загружаем IMOEX...
2026-05-15 00:06:48,034  INFO    → IMOEX: 173 месяцев
2026-05-15 00:06:48,037  INFO    ✓ IMOEX добавлен
2026-05-15 00:06:48,540  INFO    — ИПЦ: файл не указан (см. инструкцию по ручной загрузке)
2026-05-15 00:06:48,540  INFO    — Безработица: файл не указан (см. инструкцию по ручной загрузке)
2026-05-15 00:06:48,540  INFO    — Реальные доходы: файл не указан (см. инструкцию по ручной загрузке)
2026-05-15 00:06:48,561  INFO  =================================================================
2026-05-15 00:06:48,562  INFO  Готово: 173 строк × 12 колонок → macro_indicators.csv
2026-05-15 00:06:48,562  INFO  Колонки: ['year', 'month', 'usd_rub', 'cbr_key_rate', 'moex_imoex', 'crisis_2014', 'crisis_covid', 'crisis_2022', 'usd_rub_mom_pct', 'usd_rub_yoy_pct', 'moex_imoex_mom_pct', 'moex_imoex_yoy_pct']
2026-05-15 00:06:48,564  INFO  Доля пропусков (%): {'cbr_key_rate': 11.6, 'usd_rub_mom_pct': 0.6, 'usd_rub_yoy_pct': 6.9, 'moex_imoex_mom_pct': 0.6, 'moex_imoex_yoy_pct': 6.9}
2026-05-15 00:35:55,570  INFO  =================================================================
2026-05-15 00:35:55,574  INFO  Сбор макроэкономических показателей России 2012–2026
2026-05-15 00:35:55,575  INFO  =================================================================
2026-05-15 00:35:55,578  INFO  CBR: загружаем курс USD/RUB...
2026-05-15 00:35:56,902  INFO    → USD/RUB: 173 месяцев
2026-05-15 00:35:56,907  INFO    ✓ Курс USD/RUB добавлен
2026-05-15 00:35:57,409  INFO  CBR: загружаем ключевую ставку (HTML)...
2026-05-15 00:35:58,829  INFO    → ключевая ставка: 153 записей
2026-05-15 00:35:58,831  INFO    ✓ Ключевая ставка добавлен
2026-05-15 00:35:59,333  INFO  MOEX: загружаем IMOEX...
2026-05-15 00:37:14,173  INFO    → IMOEX: 173 месяцев
2026-05-15 00:37:14,178  INFO    ✓ IMOEX добавлен
2026-05-15 00:37:14,685  INFO  Загружаем cpi_mom из ipc_spr_03-2026.xlsx...
2026-05-15 00:37:16,467  WARNING    Не найдена строка с названиями месяцев в ipc_spr_03-2026.xlsx. Попытка интерпретировать как длинный формат (date, value).
2026-05-15 00:37:16,469  INFO  Загружаем unemployment_rate из Trud_3_15-72.xlsx...
2026-05-15 00:37:16,502  WARNING    Не найдена строка с названиями месяцев в Trud_3_15-72.xlsx. Попытка интерпретировать как длинный формат (date, value).
2026-05-15 00:37:16,503  INFO  Загружаем real_income_yoy из urov_12kv_1kv-2026.xlsx...
2026-05-15 00:37:16,523  WARNING    Не найдена строка с названиями месяцев в urov_12kv_1kv-2026.xlsx. Попытка интерпретировать как длинный формат (date, value).
2026-05-15 00:37:16,544  INFO  =================================================================
2026-05-15 00:37:16,545  INFO  Готово: 173 строк × 12 колонок → macro_indicators.csv
2026-05-15 00:37:16,545  INFO  Колонки: ['year', 'month', 'usd_rub', 'cbr_key_rate', 'moex_imoex', 'crisis_2014', 'crisis_covid', 'crisis_2022', 'usd_rub_mom_pct', 'usd_rub_yoy_pct', 'moex_imoex_mom_pct', 'moex_imoex_yoy_pct']
2026-05-15 00:37:16,546  INFO  Доля пропусков (%): {'cbr_key_rate': 11.6, 'usd_rub_mom_pct': 0.6, 'usd_rub_yoy_pct': 6.9, 'moex_imoex_mom_pct': 0.6, 'moex_imoex_yoy_pct': 6.9}
