2026-05-09 15:31:40,271  INFO  Читаем: dataset.xlsx
2026-05-09 15:31:40,600  INFO    Найдено новых URL: 60
2026-05-09 15:31:40,600  INFO  Итого уникальных URL неуспешных проектов: 60
2026-05-09 15:31:40,628  INFO  Уже собрано: 0 проектов.
2026-05-09 15:31:40,628  INFO  Осталось распарсить: 60 из 60
2026-05-09 15:31:40,628  INFO  ====== WebDriver manager ======
2026-05-09 15:31:44,932  INFO  Get LATEST chromedriver version for google-chrome
2026-05-09 15:31:45,688  INFO  Get LATEST chromedriver version for google-chrome
2026-05-09 15:31:46,422  INFO  Driver [/Users/vladavlada/.wdm/drivers/chromedriver/mac64/147.0.7727.117/chromedriver-mac-x64/chromedriver] found in cache
2026-05-09 15:31:49,981  INFO  [1/60] https://planeta.ru/campaigns/legenda_o_korole_lire
2026-05-09 15:32:43,814  INFO    OK: 'Гастроли спектакля «Легенда о короле Лире...»' | 3.0% | статус=successful
2026-05-09 15:32:47,828  INFO  [2/60] https://planeta.ru/campaigns/misty_club
2026-05-09 15:33:02,735  INFO    OK: 'Создаём молодёжный джазовый оркестр' | 9.0% | статус=successful
2026-05-09 15:33:05,659  INFO  [3/60] https://planeta.ru/campaigns/arhteatrpanova
2026-05-09 15:33:16,571  INFO    OK: 'Выставка по истории Молодёжного театра' | 15.0% | статус=successful
2026-05-09 15:33:20,697  INFO  [4/60] https://planeta.ru/campaigns/taiko
2026-05-09 15:33:59,388  INFO    OK: 'Барабанный спектакль — Ива под тяжестью снега' | 1.0% | статус=successful
2026-05-09 15:34:02,646  INFO  [5/60] https://planeta.ru/campaigns/184239
2026-05-09 15:34:14,508  INFO    OK: 'Новогодний шоу-спектакль "Веер" - ProsToTeaтР' | 50.0% | статус=successful
2026-05-09 15:34:18,479  INFO  [6/60] https://planeta.ru/campaigns/poets_zadver
2026-05-09 15:34:29,289  INFO    OK: 'Творческое сообщество "Поэты ЗАДВЕРЬю"' | 20.0% | статус=successful
2026-05-09 15:34:33,039  INFO  [7/60] https://planeta.ru/campaigns/tartanov
2026-05-09 15:34:42,475  INFO    OK: 'Социальный альбом «Я вижу ослепительный мир»' | 1.0% | статус=successful
2026-05-09 15:34:46,729  INFO  [8/60] https://planeta.ru/campaigns/aetherstonerband
2026-05-09 15:34:56,206  INFO    OK: 'AETHER STONER BAND' | 1.0% | статус=successful
2026-05-09 15:34:59,599  INFO  [9/60] https://planeta.ru/campaigns/178895
2026-05-09 15:35:10,111  INFO    OK: 'Добрый трактор-кормилец и помощник!' | 1.0% | статус=successful
2026-05-09 15:35:13,006  INFO  [10/60] https://planeta.ru/campaigns/iremel2019
2026-05-09 15:35:22,397  INFO    OK: 'Инструменты этноансамблю "Иремель"' | 1.0% | статус=successful
2026-05-09 15:35:22,500  INFO    Сохранено. Итого: 10 OK, 0 FAIL
2026-05-09 15:35:26,699  INFO  [11/60] https://planeta.ru/campaigns/egorgusli
2026-05-09 15:35:38,326  INFO    OK: 'Запись нового альбома Егора Стрельникова' | 13.0% | статус=successful
2026-05-09 15:35:41,600  INFO  [12/60] https://planeta.ru/campaigns/185240
2026-05-09 15:35:52,187  INFO    OK: 'Tcazar Beatz. Первая музыкальная студия' | 1.0% | статус=successful
2026-05-09 15:35:55,748  INFO  [13/60] https://planeta.ru/campaigns/crusade
2026-05-09 15:36:06,676  INFO    OK: '"Штурмуя Небеса"' | 43.0% | статус=successful
2026-05-09 15:36:10,446  INFO  [14/60] https://planeta.ru/campaigns/pg-tas-e
2026-05-09 15:36:20,032  INFO    OK: 'Роман «Тайна архива Сталина»' | 0.0% | статус=successful
2026-05-09 15:36:24,115  INFO  [15/60] https://planeta.ru/campaigns/kokon
2026-05-09 15:36:43,082  INFO    OK: '"КОКОН" дебютный сборник стихотворений' | 8.0% | статус=successful
2026-05-09 15:36:46,398  INFO  [16/60] https://planeta.ru/campaigns/183204
2026-05-09 15:36:58,426  INFO    OK: 'Четыре зуба. Перевод с детского в стихах' | 1.0% | статус=successful
2026-05-09 15:37:01,465  INFO  [17/60] https://planeta.ru/campaigns/spellcaster
2026-05-09 15:37:17,138  INFO    OK: 'Создание второй части книги Spellcaster' | 1.0% | статус=successful
2026-05-09 15:37:20,680  INFO  [18/60] https://planeta.ru/campaigns/klifemol
2026-05-09 15:37:30,946  INFO    OK: 'Журнал "Калязин-life. Молодёжь"' | 1.0% | статус=successful
2026-05-09 15:37:35,237  INFO  [19/60] https://planeta.ru/campaigns/181910
2026-05-09 15:37:46,716  INFO    OK: 'Издание романа «Восхождение графини Николь»' | 1.0% | статус=successful
2026-05-09 15:37:51,000  INFO  [20/60] https://planeta.ru/campaigns/tolstoy
2026-05-09 15:38:11,710  INFO    OK: 'Последние страницы... Лев Николаевич Толстой' | 1.0% | статус=successful
2026-05-09 15:38:11,717  INFO    Сохранено. Итого: 20 OK, 0 FAIL
2026-05-09 15:38:15,532  INFO  [21/60] https://planeta.ru/campaigns/hbdt
2026-05-09 15:38:31,719  INFO    OK: 'Публикация книги "С днем рождения, Том!"' | 0.0% | статус=successful
2026-05-09 15:38:35,285  INFO  [22/60] https://planeta.ru/campaigns/indianart
2026-05-09 15:38:47,300  INFO    OK: 'Презентация книги по искусству Индии' | 2.0% | статус=successful
2026-05-09 15:38:51,198  INFO  [23/60] https://planeta.ru/campaigns/aprilquartirnik
2026-05-09 15:39:03,429  INFO    OK: 'Апрельский квартирник' | 15.0% | статус=successful
2026-05-09 15:39:06,862  INFO  [24/60] https://planeta.ru/campaigns/183865
2026-05-09 15:39:17,810  INFO    OK: 'Выставка-конкурс "Территория творчества 2022"' | 0.0% | статус=successful
2026-05-09 15:39:21,338  INFO  [25/60] https://planeta.ru/campaigns/hustlemedia
2026-05-09 15:39:34,195  INFO    OK: 'Молодёжная медиастудия «Хасл Медиа»' | 1.0% | статус=successful
2026-05-09 15:39:38,494  INFO  [26/60] https://planeta.ru/campaigns/mgdnrock
2026-05-09 15:39:48,546  INFO    OK: 'Издание книги «Я – Магаданский» Л. Рокхилла' | 55.0% | статус=successful
2026-05-09 15:39:51,171  INFO  [27/60] https://planeta.ru/campaigns/scarlet-sails
2026-05-09 15:40:01,533  INFO    OK: 'Алые паруса Сарова - ремонт шхуны «Св. Павел»' | 50.0% | статус=successful
2026-05-09 15:40:04,333  INFO  [28/60] https://planeta.ru/campaigns/183335
2026-05-09 15:40:14,981  INFO    OK: 'Фестиваль творчества инвалидов Открытый Мир-3' | 1.0% | статус=successful
2026-05-09 15:40:19,025  INFO  [29/60] https://planeta.ru/campaigns/181547
2026-05-09 15:40:29,718  INFO    OK: 'Детская площадка с горкой д.Дегтярск' | 1.0% | статус=successful
2026-05-09 15:40:32,344  INFO  [30/60] https://planeta.ru/campaigns/territorybars
2026-05-09 15:40:43,246  INFO    OK: 'Территория градации Bars' | 1.0% | статус=successful
2026-05-09 15:40:43,251  INFO    Сохранено. Итого: 30 OK, 0 FAIL
2026-05-09 15:40:46,522  INFO  [31/60] https://planeta.ru/campaigns/pamyatnikgore
2026-05-09 15:40:57,828  INFO    OK: 'Первый в мире Памятник горе. 3D проект' | 1.0% | статус=successful
2026-05-09 15:41:01,538  INFO  [32/60] https://planeta.ru/campaigns/kak_v_kino88
2026-05-09 15:41:11,866  INFO    OK: 'Веб-сериал "Как в кино"' | 1.0% | статус=successful
2026-05-09 15:41:15,916  INFO  [33/60] https://planeta.ru/campaigns/tibetan_scroll_restoration
2026-05-09 15:41:28,602  INFO    OK: 'Реставрация тибетского свитка' | 1.0% | статус=successful
2026-05-09 15:41:32,143  INFO  [34/60] https://planeta.ru/campaigns/hivsave
2026-05-09 15:41:43,341  INFO    OK: 'К/М «Никто не узнает»' | 4.0% | статус=successful
2026-05-09 15:41:47,236  INFO  [35/60] https://planeta.ru/campaigns/186133
2026-05-09 15:42:03,103  INFO    OK: 'ИЗГОЙ короткометражный фильм' | 7.0% | статус=successful
2026-05-09 15:42:05,948  INFO  [36/60] https://planeta.ru/campaigns/atmosfera_for_it_family
2026-05-09 15:42:16,754  INFO    OK: 'АТМОСФЕРА - центр развития ИТ детей и семей' | 0.0% | статус=successful
2026-05-09 15:42:20,157  INFO  [37/60] https://planeta.ru/campaigns/eva2022
2026-05-09 15:42:30,185  INFO    OK: 'Короткометражный фильм "Ева"' | 4.0% | статус=successful
2026-05-09 15:42:33,482  INFO  [38/60] https://planeta.ru/campaigns/181144
2026-05-09 15:42:42,933  INFO    OK: 'Экотропа "Мининские столбы"' | 1.0% | статус=successful
2026-05-09 15:42:45,665  INFO  [39/60] https://planeta.ru/campaigns/kraski
2026-05-09 15:42:59,677  INFO    OK: 'Художественный фильм "Гошины краски"' | 6.0% | статус=successful
2026-05-09 15:43:03,713  INFO  [40/60] https://planeta.ru/campaigns/179766
2026-05-09 15:43:17,318  INFO    OK: 'Дерева мать' | 13.0% | статус=successful
2026-05-09 15:43:17,324  INFO    Сохранено. Итого: 40 OK, 0 FAIL
2026-05-09 15:43:21,637  INFO  [41/60] https://planeta.ru/campaigns/starrtysky
2026-05-09 15:43:31,896  INFO    OK: 'Звёздная карта важного события StarrySky' | 1.0% | статус=successful
2026-05-09 15:43:35,011  INFO  [42/60] https://planeta.ru/campaigns/surprisedroy
2026-05-09 15:43:46,988  INFO    OK: 'Арт-проект «Удивленный Рой. Цифрореальность»' | 1.0% | статус=successful
2026-05-09 15:43:49,548  INFO  [43/60] https://planeta.ru/campaigns/uralvtor
2026-05-09 15:44:03,255  INFO    OK: 'Пункт приёма и переработки вторсырья' | 1.0% | статус=successful
2026-05-09 15:44:05,946  INFO  [44/60] https://planeta.ru/campaigns/street_domestic
2026-05-09 15:44:17,274  INFO    OK: 'Фотовыставка историй кошек «Уличный/Домашний»' | 22.0% | статус=successful
2026-05-09 15:44:21,560  INFO  [45/60] https://planeta.ru/campaigns/madamkruje
2026-05-09 15:44:35,203  INFO    OK: 'Календарь «Сплетено в Вологде» на 2023 год' | 30.0% | статус=successful
2026-05-09 15:44:38,561  INFO  [46/60] https://planeta.ru/campaigns/180733
2026-05-09 15:44:51,153  INFO    OK: 'Социальная сеть «Rosbook»' | 0.0% | статус=successful
2026-05-09 15:44:54,723  INFO  [47/60] https://planeta.ru/campaigns/project911
2026-05-09 15:45:10,352  INFO    OK: 'Project 911 - Игра в жанре "симулятор"' | 0.0% | статус=successful
2026-05-09 15:45:12,942  INFO  [48/60] https://planeta.ru/campaigns/181932
2026-05-09 15:45:22,085  WARNING    Страница не найдена (404): https://planeta.ru/campaigns/181932
2026-05-09 15:45:22,085  WARNING    FAIL: https://planeta.ru/campaigns/181932
2026-05-09 15:45:26,134  INFO  [49/60] https://planeta.ru/campaigns/beersaver
2026-05-09 15:45:36,101  INFO    OK: 'Патент на рюкзак-холодильник (автономный)' | 0.0% | статус=successful
2026-05-09 15:45:39,751  INFO  [50/60] https://planeta.ru/campaigns/sanitariya
2026-05-09 15:45:49,454  INFO    OK: 'Санитария.рф - платформа пищевой безопасности' | 1.0% | статус=successful
2026-05-09 15:45:52,050  INFO  [51/60] https://planeta.ru/campaigns/bim-portal
2026-05-09 15:46:02,927  INFO    OK: 'BIM портал - веб-сайт о BIM и ИТ технологиях' | 1.0% | статус=successful
2026-05-09 15:46:02,947  INFO    Сохранено. Итого: 50 OK, 1 FAIL
2026-05-09 15:46:06,358  INFO  [52/60] https://planeta.ru/campaigns/184812
2026-05-09 15:46:19,012  INFO    OK: 'Умные пайетки' | 1.0% | статус=successful
2026-05-09 15:46:23,318  INFO  [53/60] https://planeta.ru/campaigns/vpnsibcom
2026-05-09 15:46:32,782  INFO    OK: 'Разработка VPN сервиса «VPNsibcom»' | 0.0% | статус=successful
2026-05-09 15:46:36,870  INFO  [54/60] https://planeta.ru/campaigns/quantumproject
2026-05-09 15:46:51,650  INFO    OK: 'Выставка о квантовой физике + VR и AR' | 1.0% | статус=successful
2026-05-09 15:46:56,150  INFO  [55/60] https://planeta.ru/campaigns/185497
2026-05-09 15:47:06,021  INFO    OK: 'Маркетплейс авторских туров Traveler Market' | 10.0% | статус=successful
2026-05-09 15:47:10,187  INFO  [56/60] https://planeta.ru/campaigns/182802
2026-05-09 15:47:26,171  INFO    OK: 'Бесплатные Вечеринки в горах Кубани и Адыгеи' | 0.0% | статус=successful
2026-05-09 15:47:30,017  INFO  [57/60] https://planeta.ru/campaigns/183107
2026-05-09 15:47:41,251  INFO    OK: 'Сельский туризм. Комфорт гостям Familyglamp.' | 1.0% | статус=successful
2026-05-09 15:47:45,661  INFO  [58/60] https://planeta.ru/campaigns/kuda_vihodnoy_den_s_papoy
2026-05-09 15:47:57,198  INFO    OK: 'Разработка маршрута для пап с детьми' | 11.0% | статус=successful
2026-05-09 15:47:59,910  INFO  [59/60] https://planeta.ru/campaigns/181221
2026-05-09 15:48:19,609  INFO    OK: 'Спортивный зал OCR для детей и взрослых' | 2.0% | статус=successful
2026-05-09 15:48:23,595  INFO  [60/60] https://planeta.ru/campaigns/ethiopia_psy
2026-05-09 15:48:35,701  INFO    OK: 'Документальное кино Долгий путь домой Эфиопия' | 5.0% | статус=successful
2026-05-09 15:48:40,015  INFO  ИТОГО в wayback_class0.csv: 59 строк
2026-05-09 15:58:03,972  INFO  Читаем: DAtaset_po_kraudfandingu.xlsx
2026-05-09 15:58:04,033  INFO    Найдено новых URL: 61
2026-05-09 15:58:04,034  INFO  Итого уникальных URL неуспешных проектов: 61
2026-05-09 15:58:04,063  INFO  Уже собрано: 1 проектов.
2026-05-09 15:58:04,063  INFO  Осталось распарсить: 61 из 61
2026-05-09 15:58:04,063  INFO  ====== WebDriver manager ======
2026-05-09 15:58:04,748  INFO  Get LATEST chromedriver version for google-chrome
2026-05-09 15:58:05,175  INFO  Get LATEST chromedriver version for google-chrome
2026-05-09 15:58:06,019  INFO  Driver [/Users/vladavlada/.wdm/drivers/chromedriver/mac64/147.0.7727.117/chromedriver-mac-x64/chromedriver] found in cache
2026-05-09 15:58:08,932  INFO  [1/61] https://planeta.ru/campaigns/181221
2026-05-09 15:58:49,134  INFO    OK: 'Спортивный зал OCR для детей и взрослых' | 2.0% | статус=successful
2026-05-09 15:58:53,251  INFO  [2/61] https://planeta.ru/campaigns/vvp_irk
2026-05-09 15:59:02,616  INFO    OK: '"Великий велосипедный путь".Иркутская область' | 1.0% | статус=successful
2026-05-09 15:59:05,726  INFO  [3/61] https://planeta.ru/campaigns/183107
2026-05-09 15:59:15,929  INFO    OK: 'Сельский туризм. Комфорт гостям Familyglamp.' | 1.0% | статус=successful
2026-05-09 15:59:18,595  INFO  [4/61] https://planeta.ru/campaigns/quantumproject
2026-05-09 15:59:33,764  INFO    OK: 'Выставка о квантовой физике + VR и AR' | 1.0% | статус=successful
2026-05-09 15:59:37,210  INFO  [5/61] https://planeta.ru/campaigns/184812
2026-05-09 15:59:50,904  INFO    OK: 'Умные пайетки' | 1.0% | статус=successful
2026-05-09 15:59:53,925  INFO  [6/61] https://planeta.ru/campaigns/sanitariya
2026-05-09 16:00:04,763  INFO    OK: 'Санитария.рф - платформа пищевой безопасности' | 1.0% | статус=successful
2026-05-09 16:00:08,271  INFO  [7/61] https://planeta.ru/campaigns/sbadblock
2026-05-09 16:00:18,250  INFO    OK: 'Сборно-аддитивный блок' | 1.0% | статус=successful
2026-05-09 16:00:21,389  INFO  [8/61] https://planeta.ru/campaigns/project911
2026-05-09 16:00:37,751  INFO    OK: 'Project 911 - Игра в жанре "симулятор"' | 0.0% | статус=successful
2026-05-09 16:00:40,595  INFO  [9/61] https://planeta.ru/campaigns/leschudes
2026-05-09 16:00:52,241  INFO    OK: 'Сказочный лес для особенных детей' | 14.0% | статус=successful
2026-05-09 16:00:55,213  INFO  [10/61] https://planeta.ru/campaigns/electrum
2026-05-09 16:01:06,995  INFO    OK: 'Сетевой отель Electrum' | 1.0% | статус=successful
2026-05-09 16:01:07,032  INFO    Сохранено. Итого: 10 OK, 0 FAIL
2026-05-09 16:01:10,167  INFO  [11/61] https://planeta.ru/campaigns/kibaprint
2026-05-09 16:01:25,545  INFO    OK: '"KIBA|PRINT" Оперативная полиграфия' | 1.0% | статус=successful
2026-05-09 16:01:29,865  INFO  [12/61] https://planeta.ru/campaigns/cicipici_underwear
2026-05-09 16:01:40,090  INFO    OK: 'БРЕНД CiciPici новая коллекция нижнего белья' | 1.0% | статус=successful
2026-05-09 16:01:44,305  INFO  [13/61] https://planeta.ru/campaigns/184624
2026-05-09 16:01:54,732  INFO    OK: 'Ремонт и продажа ноутбуков, ПК, комплектующих' | 1.0% | статус=successful
2026-05-09 16:01:58,696  INFO  [14/61] https://planeta.ru/campaigns/asicshelfmining
2026-05-09 16:02:20,464  INFO    OK: 'ASICshelf - Решения для майнинга' | 1.0% | статус=successful
2026-05-09 16:02:24,412  INFO  [15/61] https://planeta.ru/campaigns/satin
2026-05-09 16:02:34,358  INFO    OK: 'Производство постельного белья в России' | 1.0% | статус=successful
2026-05-09 16:02:38,264  INFO  [16/61] https://planeta.ru/campaigns/178863
2026-05-09 16:02:48,736  INFO    OK: 'Стоматологический микроскоп для лечения' | 1.0% | статус=successful
2026-05-09 16:02:52,760  INFO  [17/61] https://planeta.ru/campaigns/evoelement
2026-05-09 16:03:12,487  INFO    OK: 'Evoelement - производство полезных продуктов' | 1.0% | статус=successful
2026-05-09 16:03:15,844  INFO  [18/61] https://planeta.ru/campaigns/isozer
2026-05-09 16:03:27,719  INFO    OK: 'Нужно экстренное лечение 10 кошкам' | 8.0% | статус=successful
2026-05-09 16:03:30,439  INFO  [19/61] https://planeta.ru/campaigns/148598
2026-05-09 16:03:40,292  INFO    OK: 'Помогите Владу дышать' | 16.0% | статус=successful
2026-05-09 16:03:44,771  INFO  [20/61] https://planeta.ru/campaigns/stuljya
2026-05-09 16:03:55,548  INFO    OK: 'Стулья для детей с ДЦП' | 120.0% | статус=successful
2026-05-09 16:03:55,564  INFO    Сохранено. Итого: 20 OK, 0 FAIL
2026-05-09 16:03:59,278  INFO  [21/61] https://planeta.ru/campaigns/porovny
2026-05-09 16:04:09,206  INFO    OK: 'Всем поровну: дробилка для мясной продукции' | 100.0% | статус=successful
2026-05-09 16:04:11,937  INFO  [22/61] https://planeta.ru/campaigns/shanszoopskov2
2026-05-09 16:04:23,100  INFO    OK: 'Вместе заложим фундамент добра!' | 21.0% | статус=successful
2026-05-09 16:04:26,577  INFO  [23/61] https://planeta.ru/campaigns/106641
2026-05-09 16:04:36,202  INFO    OK: 'Издание книги «Эрик. Эрнест. Эрнест Наумович»' | 13.0% | статус=successful
2026-05-09 16:04:39,423  INFO  [24/61] https://planeta.ru/campaigns/timville
2026-05-09 16:04:49,476  INFO    OK: 'Нуждаемся в помощи: экстренный переезд приюта' | 30.0% | статус=successful
2026-05-09 16:04:53,924  INFO  [25/61] https://planeta.ru/campaigns/inclusionnsk
2026-05-09 16:05:11,743  INFO    OK: 'Новый пол для театра-школы «Инклюзион»' | 19.0% | статус=successful
2026-05-09 16:05:14,712  INFO  [26/61] https://planeta.ru/campaigns/175350
2026-05-09 16:05:17,771  INFO  Остановлено вручную.
2026-05-09 16:05:17,822  WARNING  Retrying (Retry(total=2, connect=None, read=None, redirect=None, status=None)) after connection broken by 'NewConnectionError("HTTPConnection(host='localhost', port=62085): Failed to establish a new connection: [Errno 61] Connection refused")': /session/c8ab89d6d91533d90c1082d56cc9b62a
2026-05-09 16:05:17,829  WARNING  Retrying (Retry(total=1, connect=None, read=None, redirect=None, status=None)) after connection broken by 'NewConnectionError("HTTPConnection(host='localhost', port=62085): Failed to establish a new connection: [Errno 61] Connection refused")': /session/c8ab89d6d91533d90c1082d56cc9b62a
2026-05-09 16:05:17,833  WARNING  Retrying (Retry(total=0, connect=None, read=None, redirect=None, status=None)) after connection broken by 'NewConnectionError("HTTPConnection(host='localhost', port=62085): Failed to establish a new connection: [Errno 61] Connection refused")': /session/c8ab89d6d91533d90c1082d56cc9b62a
2026-05-09 16:05:17,954  INFO  ИТОГО в wayback_class0.csv: 84 строк
2026-05-09 16:06:58,182  INFO  Читаем: DAtaset_po_kraudfandingu.xlsx
2026-05-09 16:06:58,256  INFO    Найдено новых URL: 61
2026-05-09 16:06:58,257  INFO  Итого уникальных URL неуспешных проектов: 61
2026-05-09 16:06:58,323  INFO  Уже собрано: 1 проектов.
2026-05-09 16:06:58,323  INFO  Осталось распарсить: 61 из 61
2026-05-09 16:06:58,323  INFO  ====== WebDriver manager ======
2026-05-09 16:07:09,173  INFO  Get LATEST chromedriver version for google-chrome
2026-05-09 16:07:09,937  INFO  Get LATEST chromedriver version for google-chrome
2026-05-09 16:07:10,526  INFO  There is no [mac64] chromedriver "148.0.7778.97" for browser google-chrome "148.0.7778" in cache
2026-05-09 16:07:11,259  INFO  Get LATEST chromedriver version for google-chrome
2026-05-09 16:07:28,658  INFO  WebDriver version 148.0.7778.97 selected
2026-05-09 16:07:28,666  INFO  Modern chrome version https://storage.googleapis.com/chrome-for-testing-public/148.0.7778.97/mac-x64/chromedriver-mac-x64.zip
2026-05-09 16:07:28,666  INFO  About to download new driver from https://storage.googleapis.com/chrome-for-testing-public/148.0.7778.97/mac-x64/chromedriver-mac-x64.zip
2026-05-09 16:07:29,693  INFO  Driver downloading response is 200
2026-05-09 16:07:38,211  INFO  Get LATEST chromedriver version for google-chrome
2026-05-09 16:07:39,168  INFO  Driver has been saved in cache [/Users/vladavlada/.wdm/drivers/chromedriver/mac64/148.0.7778.97]
2026-05-09 16:07:42,832  INFO  [1/61] https://planeta.ru/campaigns/181221
2026-05-09 16:08:24,887  INFO    OK: 'Спортивный зал OCR для детей и взрослых' | 2.0% | статус=successful
2026-05-09 16:08:29,301  INFO  [2/61] https://planeta.ru/campaigns/vvp_irk
2026-05-09 16:08:38,876  INFO    OK: '"Великий велосипедный путь".Иркутская область' | 1.0% | статус=successful
2026-05-09 16:08:40,420  INFO  Остановлено вручную.
2026-05-09 16:08:40,438  WARNING  Retrying (Retry(total=2, connect=None, read=None, redirect=None, status=None)) after connection broken by 'NewConnectionError("HTTPConnection(host='localhost', port=49275): Failed to establish a new connection: [Errno 61] Connection refused")': /session/a5725e8d3395040f6f777967ab0c59aa
2026-05-09 16:08:40,440  WARNING  Retrying (Retry(total=1, connect=None, read=None, redirect=None, status=None)) after connection broken by 'NewConnectionError("HTTPConnection(host='localhost', port=49275): Failed to establish a new connection: [Errno 61] Connection refused")': /session/a5725e8d3395040f6f777967ab0c59aa
2026-05-09 16:08:40,445  WARNING  Retrying (Retry(total=0, connect=None, read=None, redirect=None, status=None)) after connection broken by 'NewConnectionError("HTTPConnection(host='localhost', port=49275): Failed to establish a new connection: [Errno 61] Connection refused")': /session/a5725e8d3395040f6f777967ab0c59aa
2026-05-09 16:08:40,540  INFO  ИТОГО в wayback_class0.csv: 86 строк
2026-05-09 16:20:03,140  INFO  Читаем: DAtaset_po_kraudfandingu.xlsx
2026-05-09 16:20:03,215  INFO    Найдено новых URL: 61
2026-05-09 16:20:03,215  INFO  Итого уникальных URL неуспешных проектов: 61
2026-05-09 16:20:03,242  INFO  Уже собрано: 73 проектов.
2026-05-09 16:20:03,242  INFO  Осталось распарсить: 13 из 61
2026-05-09 16:20:03,242  INFO  ====== WebDriver manager ======
2026-05-09 16:20:03,927  INFO  Get LATEST chromedriver version for google-chrome
2026-05-09 16:20:04,450  INFO  Get LATEST chromedriver version for google-chrome
2026-05-09 16:20:05,176  INFO  Driver [/Users/vladavlada/.wdm/drivers/chromedriver/mac64/148.0.7778.97/chromedriver-mac-x64/chromedriver] found in cache
2026-05-09 16:20:07,809  INFO  [1/13] https://planeta.ru/campaigns/stuljya
2026-05-09 16:20:37,820  INFO    SKIP (pct=120% >= 50, не неуспешный): 'Стулья для детей с ДЦП'
2026-05-09 16:20:37,821  INFO  [2/13] https://planeta.ru/campaigns/porovny
2026-05-09 16:20:47,974  INFO    SKIP (pct=100% >= 50, не неуспешный): 'Всем поровну: дробилка для мясной продукции'
2026-05-09 16:20:47,975  INFO  [3/13] https://planeta.ru/campaigns/175350
2026-05-09 16:21:10,137  INFO    OK: 'Наравне со всеми!' | 3% | target=0
2026-05-09 16:21:12,652  INFO  [4/13] https://planeta.ru/campaigns/179534
2026-05-09 16:21:22,469  INFO    OK: 'Горячие обеды для пожилых одиноких людей' | 2% | target=0
2026-05-09 16:21:26,322  INFO  [5/13] https://planeta.ru/campaigns/177262
2026-05-09 16:21:36,151  INFO    OK: 'Выездная стерилизация животных Подмосковья' | 13% | target=0
2026-05-09 16:21:40,449  INFO  [6/13] https://planeta.ru/campaigns/184809
2026-05-09 16:21:53,720  INFO    OK: 'Благотворительная акция "Чудо-ёлка - 2022"' | 13% | target=0
2026-05-09 16:21:57,606  INFO  [7/13] https://planeta.ru/campaigns/181180
2026-05-09 16:22:12,790  INFO    OK: '"КотоЧердак" Инклюзивные мастерские и кафе' | 4% | target=0
2026-05-09 16:22:17,230  INFO  [8/13] https://planeta.ru/campaigns/scarlet-sails
2026-05-09 16:22:28,382  INFO    SKIP (pct=50% >= 50, не неуспешный): 'Алые паруса Сарова - ремонт шхуны «Св. Павел»'
2026-05-09 16:22:28,383  INFO  [9/13] https://planeta.ru/campaigns/179897
2026-05-09 16:22:37,828  INFO    OK: 'Юридическое агентство для ветеранов' | 2% | target=0
2026-05-09 16:22:40,744  INFO  [10/13] https://planeta.ru/campaigns/merengi
2026-05-09 16:22:49,993  INFO    OK: 'Барабанная установка для особенной базы' | 1% | target=0
2026-05-09 16:22:54,393  INFO  [11/13] https://planeta.ru/campaigns/blizhe_k_prirode
2026-05-09 16:23:10,522  INFO    OK: 'Календари на 2023 год «Ближе к природе»' | 5% | target=0
2026-05-09 16:23:13,820  INFO  [12/13] https://planeta.ru/campaigns/184239
2026-05-09 16:23:24,021  INFO    SKIP (pct=50% >= 50, не неуспешный): 'Новогодний шоу-спектакль "Веер" - ProsToTeaтР'
2026-05-09 16:23:24,021  INFO  [13/13] https://planeta.ru/campaigns/drumsolblblbl
2026-05-09 16:23:33,593  INFO    OK: 'Цветной Винил. Дебютный альбом' | 5% | target=0
2026-05-09 16:23:36,496  INFO  ИТОГО в wayback_class0.csv: 80 строк
2026-05-09 16:27:20,951  INFO  Читаем: Копия Датасет _Крауд-проекты_Калюта_экология.xlsx
2026-05-09 16:27:21,276  INFO    Найдено новых URL: 4
2026-05-09 16:27:21,276  INFO  Итого уникальных URL неуспешных проектов: 4
2026-05-09 16:27:21,285  INFO  Уже собрано: 81 проектов.
2026-05-09 16:27:21,285  INFO  Осталось распарсить: 0 из 4
2026-05-09 16:27:21,285  INFO  Все URL уже собраны!
2026-05-09 16:38:04,435  INFO  Читаем: Датасет _Крауд-проекты_Исходник.xlsx
2026-05-09 16:38:04,952  INFO    Найдено новых URL: 126
2026-05-09 16:38:04,952  INFO  Итого уникальных URL неуспешных проектов: 126
2026-05-09 16:38:04,987  INFO  Уже собрано: 80 проектов.
2026-05-09 16:38:04,988  INFO  Осталось распарсить: 46 из 126
2026-05-09 16:38:04,988  INFO  ====== WebDriver manager ======
2026-05-09 16:38:05,653  INFO  Get LATEST chromedriver version for google-chrome
2026-05-09 16:38:06,324  INFO  Get LATEST chromedriver version for google-chrome
2026-05-09 16:38:06,863  INFO  Driver [/Users/vladavlada/.wdm/drivers/chromedriver/mac64/148.0.7778.97/chromedriver-mac-x64/chromedriver] found in cache
2026-05-09 16:38:10,043  INFO  [1/46] https://planeta.ru/campaigns/zverokat
2026-05-09 16:38:39,116  INFO    OK: 'Зверокат - Дом ездовых собак' | 9% | target=0
2026-05-09 16:38:42,755  INFO  [2/46] https://planeta.ru/campaigns/jayakarelia
2026-05-09 16:39:02,365  INFO    OK: 'Выпечка и сладости с пользой из Карелии' | 6% | target=0
2026-05-09 16:39:06,118  INFO  [3/46] https://planeta.ru/campaigns/alexberry
2026-05-09 16:39:25,261  INFO    OK: 'Студия массажа ALEXBERRY' | 1% | target=0
2026-05-09 16:39:29,004  INFO  [4/46] https://planeta.ru/campaigns/ww555xx555ww
2026-05-09 16:39:39,317  INFO    OK: 'Кейтеринг доставка питания на работу' | 1% | target=0
2026-05-09 16:39:43,085  INFO  [5/46] https://planeta.ru/campaigns/d_a_z_h_e
2026-05-09 16:40:06,412  INFO    OK: 'Собственный бренд одежды D.A.Z.H.E.' | 1% | target=0
2026-05-09 16:40:09,062  INFO  [6/46] https://planeta.ru/campaigns/petrichor
2026-05-09 16:40:19,661  INFO    OK: 'Кинокомпания Петрикор' | 1% | target=0
2026-05-09 16:40:22,497  INFO  [7/46] https://planeta.ru/campaigns/181735
2026-05-09 16:40:32,675  INFO    OK: 'Открытие Психологического центра им. В. Райха' | 1% | target=0
2026-05-09 16:40:35,481  INFO  [8/46] https://planeta.ru/campaigns/greenline
2026-05-09 16:40:47,683  INFO    OK: 'ЭКО-продукция Green Line' | 1% | target=0
2026-05-09 16:40:52,168  INFO  [9/46] https://planeta.ru/campaigns/182409
2026-05-09 16:41:01,628  INFO    OK: 'Открытие центра регрессивного гипноза Ли-грен' | 1% | target=0
2026-05-09 16:41:05,035  INFO  [10/46] https://planeta.ru/campaigns/topservice
2026-05-09 16:41:16,860  INFO    OK: 'TOP Service - СТО эконом класса' | 1% | target=0
2026-05-09 16:41:16,899  INFO    Сохранено. Итого: 10 OK, 0 FAIL
2026-05-09 16:41:19,839  INFO  [11/46] https://planeta.ru/campaigns/183334
2026-05-09 16:41:43,489  INFO    OK: 'Ремонт и восстановление б/у техники' | 1% | target=0
2026-05-09 16:41:47,810  INFO  [12/46] https://planeta.ru/campaigns/184067
2026-05-09 16:41:58,198  INFO    OK: '"Gentelman for Lady" уникальный Lash-салон' | 1% | target=0
2026-05-09 16:42:02,111  INFO  [13/46] https://planeta.ru/campaigns/182783
2026-05-09 16:42:12,309  INFO    OK: 'Гибкий камень' | 1% | target=0
2026-05-09 16:42:16,483  INFO  [14/46] https://planeta.ru/campaigns/titanfox
2026-05-09 16:42:46,674  INFO    OK: 'Гриндер для ножевой мастерской' | 0% | target=0
2026-05-09 16:42:49,554  INFO  [15/46] https://planeta.ru/campaigns/com_club_14
2026-05-09 16:43:00,682  INFO    OK: 'Создание компьютерного клуба' | 0% | target=0
2026-05-09 16:43:03,502  INFO  [16/46] https://planeta.ru/campaigns/176360
2026-05-09 16:43:13,912  INFO    OK: 'Йога на фитболе для бабушки Оли' | 13% | target=0
2026-05-09 16:43:16,515  INFO  [17/46] https://planeta.ru/campaigns/stuljya
2026-05-09 16:43:26,760  INFO    SKIP (pct=120% >= 50, не неуспешный): 'Стулья для детей с ДЦП'
2026-05-09 16:43:26,762  INFO  [18/46] https://planeta.ru/campaigns/goodnight
2026-05-09 16:43:38,982  INFO    OK: 'Спокойной ночи, малыши' | 1% | target=0
2026-05-09 16:43:42,321  INFO  [19/46] https://planeta.ru/campaigns/181411
2026-05-09 16:43:52,223  INFO    OK: 'Поможем Степану и Демиду!' | 4% | target=0
2026-05-09 16:43:55,556  INFO  [20/46] https://planeta.ru/campaigns/porovny
2026-05-09 16:44:05,346  INFO    SKIP (pct=100% >= 50, не неуспешный): 'Всем поровну: дробилка для мясной продукции'
2026-05-09 16:44:05,348  INFO  [21/46] https://planeta.ru/campaigns/roma_m
2026-05-09 16:44:15,745  INFO    OK: 'Роме крайне необходимы средства реабилитации' | 2% | target=0
2026-05-09 16:44:18,980  INFO  [22/46] https://planeta.ru/campaigns/inclusionnsk
2026-05-09 16:44:33,698  INFO    OK: 'Новый пол для театра-школы «Инклюзион»' | 19% | target=0
2026-05-09 16:44:33,740  INFO    Сохранено. Итого: 20 OK, 0 FAIL
2026-05-09 16:44:37,431  INFO  [23/46] https://planeta.ru/campaigns/175350
2026-05-09 16:44:59,141  INFO    OK: 'Наравне со всеми!' | 3% | target=0
2026-05-09 16:45:02,174  INFO  [24/46] https://planeta.ru/campaigns/shans_zhezn
2026-05-09 16:45:14,779  INFO    OK: 'Ремонт помещения для содержания бездомных мяу' | 6% | target=0
2026-05-09 16:45:19,076  INFO  [25/46] https://planeta.ru/campaigns/za_dashu
2026-05-09 16:45:28,819  INFO    OK: 'Помочь Даше из Луганска вернуть детей' | 23% | target=0
2026-05-09 16:45:33,067  INFO  [26/46] https://planeta.ru/campaigns/pomogizhit_rentgen
2026-05-09 16:45:42,661  INFO    OK: 'Животным приюта очень нужен рентген аппарат' | 33% | target=0
2026-05-09 16:45:46,238  INFO  [27/46] https://planeta.ru/campaigns/radost_rabotat
2026-05-09 16:45:59,874  INFO    OK: 'Радость работать' | 17% | target=0
2026-05-09 16:46:04,020  INFO  [28/46] https://planeta.ru/campaigns/182517
2026-05-09 16:46:18,773  INFO    OK: 'Чтобы Настя могла расти и развиваться' | 16% | target=0
2026-05-09 16:46:22,161  INFO  [29/46] https://planeta.ru/campaigns/181912
2026-05-09 16:46:36,877  INFO    OK: 'Лаборатория речи' | 12% | target=0
2026-05-09 16:46:40,174  INFO  [30/46] https://planeta.ru/campaigns/182562
2026-05-09 16:46:51,839  INFO    SKIP (pct=102% >= 50, не неуспешный): 'Реабилитация для маленького Серёжи'
2026-05-09 16:46:51,841  INFO  [31/46] https://planeta.ru/campaigns/zabotaufa
2026-05-09 16:47:04,449  INFO    OK: 'Особая забота' | 5% | target=0
2026-05-09 16:47:08,446  INFO  [32/46] https://planeta.ru/campaigns/tg_deadline
2026-05-09 16:47:46,884  INFO    OK: 'Настольная игра «Дедлайн»' | 2% | target=0
2026-05-09 16:47:50,035  INFO  [33/46] https://planeta.ru/campaigns/business-kids
2026-05-09 16:48:02,150  INFO    OK: 'Карточные настольные бизнес игры' | 1% | target=0
2026-05-09 16:48:02,158  INFO    Сохранено. Итого: 30 OK, 0 FAIL
2026-05-09 16:48:06,600  INFO  [34/46] https://planeta.ru/campaigns/mgdnrock
2026-05-09 16:48:16,843  INFO    SKIP (pct=55% >= 50, не неуспешный): 'Издание книги «Я – Магаданский» Л. Рокхилла'
2026-05-09 16:48:16,843  INFO  [35/46] https://planeta.ru/campaigns/ellmaxico
2026-05-09 16:48:25,999  WARNING    Страница не найдена (404): https://planeta.ru/campaigns/ellmaxico
2026-05-09 16:48:26,000  WARNING    FAIL: https://planeta.ru/campaigns/ellmaxico
2026-05-09 16:48:30,138  INFO  [36/46] https://planeta.ru/campaigns/182340
2026-05-09 16:48:40,597  INFO    OK: 'Книга Я и ты' | 1% | target=0
2026-05-09 16:48:43,546  INFO  [37/46] https://planeta.ru/campaigns/177241
2026-05-09 16:48:53,537  INFO    OK: 'Укулеле - незрячим. Аудио-курс. Самоучитель' | 31% | target=0
2026-05-09 16:48:57,402  INFO  [38/46] https://planeta.ru/campaigns/183840
2026-05-09 16:49:05,846  WARNING    Страница не найдена (404): https://planeta.ru/campaigns/183840
2026-05-09 16:49:05,848  WARNING    FAIL: https://planeta.ru/campaigns/183840
2026-05-09 16:49:08,401  INFO  [39/46] https://planeta.ru/campaigns/iecsunrise
2026-05-09 16:49:18,738  INFO    OK: 'Инновационный эко центр "Рассвет"' | 1% | target=0
2026-05-09 16:49:22,806  INFO  [40/46] https://planeta.ru/campaigns/scarlet-sails
2026-05-09 16:49:33,744  INFO    SKIP (pct=50% >= 50, не неуспешный): 'Алые паруса Сарова - ремонт шхуны «Св. Павел»'
2026-05-09 16:49:33,744  INFO  [41/46] https://planeta.ru/campaigns/143457
2026-05-09 16:49:43,599  INFO    OK: 'Тренировки по плаванию для нуждающихся детей' | 1% | target=0
2026-05-09 16:49:47,640  INFO  [42/46] https://planeta.ru/campaigns/186302
2026-05-09 16:49:57,373  INFO    OK: '"Герои Города" ждут!' | 1% | target=0
2026-05-09 16:50:01,178  INFO  [43/46] https://planeta.ru/campaigns/184239
2026-05-09 16:50:11,552  INFO    SKIP (pct=50% >= 50, не неуспешный): 'Новогодний шоу-спектакль "Веер" - ProsToTeaтР'
2026-05-09 16:50:11,554  INFO  [44/46] https://planeta.ru/campaigns/181237
2026-05-09 16:50:21,333  INFO    OK: 'Новый тип автоматической коробки передач' | 1% | target=0
2026-05-09 16:50:24,632  INFO  [45/46] https://planeta.ru/campaigns/181932
2026-05-09 16:50:32,996  WARNING    Страница не найдена (404): https://planeta.ru/campaigns/181932
2026-05-09 16:50:32,997  WARNING    FAIL: https://planeta.ru/campaigns/181932
2026-05-09 16:50:37,391  INFO  [46/46] https://planeta.ru/campaigns/180574
2026-05-09 16:50:47,028  INFO    OK: 'Питоня' | 1% | target=0
2026-05-09 16:50:50,647  INFO  ИТОГО в wayback_class0.csv: 115 строк
2026-05-09 17:35:54,464  INFO  Читаем: Датасет _Крауд-проекты_Калюта_конечный_вариант.xlsx
2026-05-09 17:35:54,803  INFO  Найдено новых URL: 35
2026-05-09 17:35:54,803  INFO  Итого уникальных URL неуспешных проектов: 35
2026-05-09 17:35:54,810  INFO  Уже собрано: 116 проектов.
2026-05-09 17:35:54,810  INFO  Осталось распарсить: 3 из 35
2026-05-09 17:35:54,811  INFO  ====== WebDriver manager ======
2026-05-09 17:35:55,339  INFO  Get LATEST chromedriver version for google-chrome
2026-05-09 17:35:56,003  INFO  Get LATEST chromedriver version for google-chrome
2026-05-09 17:35:56,950  INFO  Driver [/Users/vladavlada/.wdm/drivers/chromedriver/mac64/148.0.7778.97/chromedriver-mac-x64/chromedriver] found in cache
2026-05-09 17:36:01,161  INFO  [1/3] https://planeta.ru/campaigns/mgdnrock
2026-05-09 17:36:30,175  INFO    SKIP (pct=55% >= 50, не неуспешный): 'Издание книги «Я – Магаданский» Л. Рокхилла'
2026-05-09 17:36:30,177  INFO  [2/3] https://planeta.ru/campaigns/ellmaxico
2026-05-09 17:36:39,504  WARNING    Страница не найдена (404): https://planeta.ru/campaigns/ellmaxico
2026-05-09 17:36:39,506  WARNING    FAIL: https://planeta.ru/campaigns/ellmaxico
2026-05-09 17:36:43,456  INFO  [3/3] https://planeta.ru/campaigns/183840
2026-05-09 17:36:51,701  WARNING    Страница не найдена (404): https://planeta.ru/campaigns/183840
2026-05-09 17:36:51,702  WARNING    FAIL: https://planeta.ru/campaigns/183840
2026-05-09 17:36:55,029  INFO  ИТОГО в wayback_class0.csv: 115 строк
2026-05-09 17:40:16,355  INFO  Читаем: dataset_pokazateli.xlsx
2026-05-09 17:40:16,699  INFO  Найдено новых URL: 60
2026-05-09 17:40:16,699  INFO  Итого уникальных URL неуспешных проектов: 60
2026-05-09 17:40:16,709  INFO  Уже собрано: 116 проектов.
2026-05-09 17:40:16,709  INFO  Осталось распарсить: 4 из 60
2026-05-09 17:40:16,709  INFO  ====== WebDriver manager ======
2026-05-09 17:40:17,292  INFO  Get LATEST chromedriver version for google-chrome
2026-05-09 17:40:17,805  INFO  Get LATEST chromedriver version for google-chrome
2026-05-09 17:40:18,411  INFO  Driver [/Users/vladavlada/.wdm/drivers/chromedriver/mac64/148.0.7778.97/chromedriver-mac-x64/chromedriver] found in cache
2026-05-09 17:40:20,718  INFO  [1/4] https://planeta.ru/campaigns/184239
2026-05-09 17:40:47,944  INFO    SKIP (pct=50% >= 50, не неуспешный): 'Новогодний шоу-спектакль "Веер" - ProsToTeaтР'
2026-05-09 17:40:47,945  INFO  [2/4] https://planeta.ru/campaigns/mgdnrock
2026-05-09 17:40:58,826  INFO    SKIP (pct=55% >= 50, не неуспешный): 'Издание книги «Я – Магаданский» Л. Рокхилла'
2026-05-09 17:40:58,827  INFO  [3/4] https://planeta.ru/campaigns/scarlet-sails
2026-05-09 17:41:08,945  INFO    SKIP (pct=50% >= 50, не неуспешный): 'Алые паруса Сарова - ремонт шхуны «Св. Павел»'
2026-05-09 17:41:08,946  INFO  [4/4] https://planeta.ru/campaigns/181932
2026-05-09 17:41:18,043  WARNING    Страница не найдена (404): https://planeta.ru/campaigns/181932
2026-05-09 17:41:18,044  WARNING    FAIL: https://planeta.ru/campaigns/181932
2026-05-09 17:41:21,369  INFO  ИТОГО в wayback_class0.csv: 115 строк
2026-05-10 14:53:36,900  INFO  Читаем: dataset.xlsx
2026-05-10 14:53:37,275  INFO  Найдено новых URL: 60
2026-05-10 14:53:37,275  INFO  Читаем: DAtaset_po_kraudfandingu.xlsx
2026-05-10 14:53:37,334  INFO  Найдено новых URL: 28
2026-05-10 14:53:37,334  INFO  Читаем: Копия Датасет _Крауд-проекты_Калюта_экология.xlsx
2026-05-10 14:53:37,612  INFO  Найдено новых URL: 0
2026-05-10 14:53:37,612  INFO  Читаем: Датасет _Крауд-проекты_Исходник.xlsx
2026-05-10 14:53:38,174  INFO  Найдено новых URL: 38
2026-05-10 14:53:38,174  INFO  Итого уникальных URL неуспешных проектов: 126
2026-05-10 14:53:38,329  INFO  Создан файл: /Users/vladavlada/Desktop/crowdfunding_app/planeta_class0.csv
2026-05-10 14:53:38,330  INFO  Осталось распарсить: 126 из 126
2026-05-10 14:53:38,330  INFO  ====== WebDriver manager ======
2026-05-10 14:53:42,680  INFO  Get LATEST chromedriver version for google-chrome
2026-05-10 14:53:43,614  INFO  Get LATEST chromedriver version for google-chrome
2026-05-10 14:53:44,477  INFO  Get LATEST chromedriver version for google-chrome
2026-05-10 14:54:02,055  INFO  WebDriver version 148.0.7778.97 selected
2026-05-10 14:54:02,062  INFO  Modern chrome version https://storage.googleapis.com/chrome-for-testing-public/148.0.7778.97/mac-x64/chromedriver-mac-x64.zip
2026-05-10 14:54:02,063  INFO  About to download new driver from https://storage.googleapis.com/chrome-for-testing-public/148.0.7778.97/mac-x64/chromedriver-mac-x64.zip
2026-05-10 14:54:04,081  INFO  Driver downloading response is 200
2026-05-10 14:54:13,590  INFO  Get LATEST chromedriver version for google-chrome
2026-05-10 14:54:14,276  INFO  Driver has been saved in cache [/Users/vladavlada/.wdm/drivers/chromedriver/mac64/148.0.7778.97]
2026-05-10 14:54:17,350  INFO  [1/126] https://planeta.ru/campaigns/legenda_o_korole_lire
2026-05-10 14:59:48,753  INFO  Итого уникальных URL неуспешных проектов: 0
2026-05-10 14:59:48,753  ERROR  Не найдено ни одного URL. Проверьте названия файлов в EXCEL_FILES.
2026-05-10 15:02:35,376  INFO  Читаем: dataset.xlsx
2026-05-10 15:02:35,699  INFO  Найдено новых URL: 60
2026-05-10 15:02:35,700  INFO  Читаем: DAtaset_po_kraudfandingu.xlsx
2026-05-10 15:02:35,762  INFO  Найдено новых URL: 28
2026-05-10 15:02:35,762  WARNING  Файл не найден: /Users/vladavlada/Desktop/crowdfunding_app/Копия Датасет _Крауд-проекты_Калюта_экология.xlsxДатасет _Крауд-проекты_Исходник.xlsx
2026-05-10 15:02:35,763  INFO  Итого уникальных URL неуспешных проектов: 88
2026-05-10 15:02:35,801  INFO  Уже собрано: 116 проектов.
2026-05-10 15:02:35,801  INFO  Осталось распарсить: 6 из 88
2026-05-10 15:02:35,801  INFO  ====== WebDriver manager ======
2026-05-10 15:02:36,416  INFO  Get LATEST chromedriver version for google-chrome
2026-05-10 15:02:36,833  INFO  Get LATEST chromedriver version for google-chrome
2026-05-10 15:02:37,349  INFO  Driver [/Users/vladavlada/.wdm/drivers/chromedriver/mac64/148.0.7778.97/chromedriver-mac-x64/chromedriver] found in cache
2026-05-10 15:02:39,479  INFO  [1/6] https://planeta.ru/campaigns/184239
2026-05-10 15:03:10,071  INFO    SKIP (pct=50% >= 50, не неуспешный): 'Новогодний шоу-спектакль "Веер" - ProsToTeaтР'
2026-05-10 15:03:10,071  INFO  [2/6] https://planeta.ru/campaigns/mgdnrock
2026-05-10 15:03:20,555  INFO    SKIP (pct=55% >= 50, не неуспешный): 'Издание книги «Я – Магаданский» Л. Рокхилла'
2026-05-10 15:03:20,556  INFO  [3/6] https://planeta.ru/campaigns/scarlet-sails
2026-05-10 15:03:31,235  INFO    SKIP (pct=50% >= 50, не неуспешный): 'Алые паруса Сарова - ремонт шхуны «Св. Павел»'
2026-05-10 15:03:31,236  INFO  [4/6] https://planeta.ru/campaigns/181932
2026-05-10 15:03:40,279  WARNING    Страница не найдена (404): https://planeta.ru/campaigns/181932
2026-05-10 15:03:40,280  WARNING    FAIL: https://planeta.ru/campaigns/181932
2026-05-10 15:03:43,514  INFO  [5/6] https://planeta.ru/campaigns/stuljya
2026-05-10 15:03:45,910  INFO  Остановлено вручную.
2026-05-10 15:03:45,913  WARNING  Retrying (Retry(total=2, connect=None, read=None, redirect=None, status=None)) after connection broken by 'ConnectionResetError(54, 'Connection reset by peer')': /session/dae5d5f46fb5b538048775f23a1bc2e8
2026-05-10 15:03:45,915  WARNING  Retrying (Retry(total=1, connect=None, read=None, redirect=None, status=None)) after connection broken by 'NewConnectionError("HTTPConnection(host='localhost', port=64477): Failed to establish a new connection: [Errno 61] Connection refused")': /session/dae5d5f46fb5b538048775f23a1bc2e8
2026-05-10 15:03:45,917  WARNING  Retrying (Retry(total=0, connect=None, read=None, redirect=None, status=None)) after connection broken by 'NewConnectionError("HTTPConnection(host='localhost', port=64477): Failed to establish a new connection: [Errno 61] Connection refused")': /session/dae5d5f46fb5b538048775f23a1bc2e8
2026-05-10 15:03:45,987  INFO  ИТОГО в wayback_class0.csv: 115 строк
2026-05-10 15:04:23,243  INFO  Читаем: dataset.xlsx
2026-05-10 15:04:23,553  INFO  Найдено новых URL: 60
2026-05-10 15:04:23,554  INFO  Читаем: DAtaset_po_kraudfandingu.xlsx
2026-05-10 15:04:23,611  INFO  Найдено новых URL: 28
2026-05-10 15:04:23,611  WARNING  Файл не найден: /Users/vladavlada/Desktop/crowdfunding_app/Копия Датасет _Крауд-проекты_Калюта_экология.xlsxДатасет _Крауд-проекты_Исходник.xlsx
2026-05-10 15:04:23,611  INFO  Итого уникальных URL неуспешных проектов: 88
2026-05-10 15:04:23,613  INFO  Уже собрано: 0 проектов.
2026-05-10 15:04:23,613  INFO  Осталось распарсить: 88 из 88
2026-05-10 15:04:23,613  INFO  ====== WebDriver manager ======
2026-05-10 15:04:23,883  INFO  Get LATEST chromedriver version for google-chrome
2026-05-10 15:04:24,673  INFO  Get LATEST chromedriver version for google-chrome
2026-05-10 15:04:25,286  INFO  Driver [/Users/vladavlada/.wdm/drivers/chromedriver/mac64/148.0.7778.97/chromedriver-mac-x64/chromedriver] found in cache
2026-05-10 15:04:26,971  INFO  [1/88] https://planeta.ru/campaigns/legenda_o_korole_lire
2026-05-10 15:05:06,538  INFO    OK: 'Гастроли спектакля «Легенда о короле Лире...»' | 3% | target=0
2026-05-10 15:05:09,676  INFO  [2/88] https://planeta.ru/campaigns/misty_club
2026-05-10 15:05:19,882  INFO  Остановлено вручную.
2026-05-10 15:05:19,936  WARNING  Retrying (Retry(total=2, connect=None, read=None, redirect=None, status=None)) after connection broken by 'NewConnectionError("HTTPConnection(host='localhost', port=64824): Failed to establish a new connection: [Errno 61] Connection refused")': /session/307fede1af4fc62b6e9e06f7c20b7963
2026-05-10 15:05:19,938  WARNING  Retrying (Retry(total=1, connect=None, read=None, redirect=None, status=None)) after connection broken by 'NewConnectionError("HTTPConnection(host='localhost', port=64824): Failed to establish a new connection: [Errno 61] Connection refused")': /session/307fede1af4fc62b6e9e06f7c20b7963
2026-05-10 15:05:19,940  WARNING  Retrying (Retry(total=0, connect=None, read=None, redirect=None, status=None)) after connection broken by 'NewConnectionError("HTTPConnection(host='localhost', port=64824): Failed to establish a new connection: [Errno 61] Connection refused")': /session/307fede1af4fc62b6e9e06f7c20b7963
2026-05-10 15:05:19,956  INFO  ИТОГО в planeta_class0.csv: 1 строк
2026-05-10 15:08:05,192  INFO  Читаем: dataset.xlsx
2026-05-10 15:08:05,507  INFO  Найдено новых URL: 60
2026-05-10 15:08:05,508  INFO  Читаем: DAtaset_po_kraudfandingu.xlsx
2026-05-10 15:08:05,569  INFO  Найдено новых URL: 28
2026-05-10 15:08:05,569  WARNING  Файл не найден: /Users/vladavlada/Desktop/crowdfunding_app/Копия Датасет _Крауд-проекты_Калюта_экология.xlsxДатасет _Крауд-проекты_Исходник.xlsx
2026-05-10 15:08:05,569  INFO  Итого уникальных URL неуспешных проектов: 88
2026-05-10 15:08:05,571  INFO  Уже собрано: 0 проектов.
2026-05-10 15:08:05,571  INFO  Осталось распарсить: 88 из 88
2026-05-10 15:08:05,571  INFO  ====== WebDriver manager ======
2026-05-10 15:08:06,125  INFO  Get LATEST chromedriver version for google-chrome
2026-05-10 15:08:06,480  INFO  Get LATEST chromedriver version for google-chrome
2026-05-10 15:08:07,443  INFO  Driver [/Users/vladavlada/.wdm/drivers/chromedriver/mac64/148.0.7778.97/chromedriver-mac-x64/chromedriver] found in cache
2026-05-10 15:09:04,496  INFO  Читаем: dataset.xlsx
2026-05-10 15:09:04,814  INFO  Найдено новых URL: 60
2026-05-10 15:09:04,814  INFO  Читаем: DAtaset_po_kraudfandingu.xlsx
2026-05-10 15:09:04,870  INFO  Найдено новых URL: 28
2026-05-10 15:09:04,870  INFO  Читаем: Копия Датасет _Крауд-проекты_Калюта_экология.xlsx
2026-05-10 15:09:05,155  INFO  Найдено новых URL: 0
2026-05-10 15:09:05,156  INFO  Читаем: Датасет _Крауд-проекты_Исходник.xlsx
2026-05-10 15:09:05,825  INFO  Найдено новых URL: 38
2026-05-10 15:09:05,825  INFO  Итого уникальных URL неуспешных проектов: 126
2026-05-10 15:09:05,826  INFO  Уже собрано: 0 проектов.
2026-05-10 15:09:05,826  INFO  Осталось распарсить: 126 из 126
2026-05-10 15:09:05,826  INFO  ====== WebDriver manager ======
2026-05-10 15:09:06,229  INFO  Get LATEST chromedriver version for google-chrome
2026-05-10 15:09:06,651  INFO  Get LATEST chromedriver version for google-chrome
2026-05-10 15:09:39,151  INFO  Driver [/Users/vladavlada/.wdm/drivers/chromedriver/mac64/148.0.7778.97/chromedriver-mac-x64/chromedriver] found in cache
2026-05-10 15:09:42,762  INFO  [1/126] https://planeta.ru/campaigns/legenda_o_korole_lire
2026-05-10 15:10:30,744  INFO    OK: 'Гастроли спектакля «Легенда о короле Лире...»' | 3% | target=0
2026-05-10 15:10:34,767  INFO  [2/126] https://planeta.ru/campaigns/misty_club
2026-05-10 15:10:47,609  INFO    OK: 'Создаём молодёжный джазовый оркестр' | 9% | target=0
2026-05-10 15:10:51,122  INFO  [3/126] https://planeta.ru/campaigns/arhteatrpanova
2026-05-10 15:11:01,760  INFO    OK: 'Выставка по истории Молодёжного театра' | 15% | target=0
2026-05-10 15:11:05,209  INFO  [4/126] https://planeta.ru/campaigns/taiko
2026-05-10 15:11:41,487  INFO    OK: 'Барабанный спектакль — Ива под тяжестью снега' | 1% | target=0
2026-05-10 15:11:44,534  INFO  [5/126] https://planeta.ru/campaigns/184239
2026-05-10 15:11:54,608  INFO    SKIP (pct=50% >= 50, не неуспешный): 'Новогодний шоу-спектакль "Веер" - ProsToTeaтР'
2026-05-10 15:11:54,609  INFO  [6/126] https://planeta.ru/campaigns/poets_zadver
2026-05-10 15:12:03,852  INFO    OK: 'Творческое сообщество "Поэты ЗАДВЕРЬю"' | 20% | target=0
2026-05-10 15:12:07,025  INFO  [7/126] https://planeta.ru/campaigns/tartanov
2026-05-10 15:12:16,138  INFO    OK: 'Социальный альбом «Я вижу ослепительный мир»' | 1% | target=0
2026-05-10 15:12:19,551  INFO  [8/126] https://planeta.ru/campaigns/aetherstonerband
2026-05-10 15:12:28,659  INFO    OK: 'AETHER STONER BAND' | 1% | target=0
2026-05-10 15:12:31,700  INFO  [9/126] https://planeta.ru/campaigns/178895
2026-05-10 15:12:40,816  INFO    OK: 'Добрый трактор-кормилец и помощник!' | 1% | target=0
2026-05-10 15:12:43,682  INFO  [10/126] https://planeta.ru/campaigns/iremel2019
2026-05-10 15:12:52,939  INFO    OK: 'Инструменты этноансамблю "Иремель"' | 1% | target=0
2026-05-10 15:12:55,777  INFO  [11/126] https://planeta.ru/campaigns/egorgusli
2026-05-10 15:13:07,024  INFO    OK: 'Запись нового альбома Егора Стрельникова' | 13% | target=0
2026-05-10 15:13:07,064  INFO    Сохранено. Итого: 10 OK, 0 FAIL
2026-05-10 15:13:11,059  INFO  [12/126] https://planeta.ru/campaigns/185240
2026-05-10 15:13:20,244  INFO    OK: 'Tcazar Beatz. Первая музыкальная студия' | 1% | target=0
2026-05-10 15:13:23,750  INFO  [13/126] https://planeta.ru/campaigns/crusade
2026-05-10 15:13:34,921  INFO    OK: '"Штурмуя Небеса"' | 43% | target=0
2026-05-10 15:13:38,937  INFO  [14/126] https://planeta.ru/campaigns/pg-tas-e
2026-05-10 15:13:47,997  INFO    OK: 'Роман «Тайна архива Сталина»' | 0% | target=0
2026-05-10 15:13:52,482  INFO  [15/126] https://planeta.ru/campaigns/kokon
2026-05-10 15:14:15,918  INFO    OK: '"КОКОН" дебютный сборник стихотворений' | 8% | target=0
2026-05-10 15:14:19,366  INFO  [16/126] https://planeta.ru/campaigns/183204
2026-05-10 15:14:32,265  INFO    OK: 'Четыре зуба. Перевод с детского в стихах' | 1% | target=0
2026-05-10 15:14:34,967  INFO  [17/126] https://planeta.ru/campaigns/spellcaster
2026-05-10 15:14:51,019  INFO    OK: 'Создание второй части книги Spellcaster' | 1% | target=0
2026-05-10 15:14:53,635  INFO  [18/126] https://planeta.ru/campaigns/klifemol
2026-05-10 15:15:02,869  INFO    OK: 'Журнал "Калязин-life. Молодёжь"' | 1% | target=0
2026-05-10 15:15:07,124  INFO  [19/126] https://planeta.ru/campaigns/181910
2026-05-10 15:15:19,918  INFO    OK: 'Издание романа «Восхождение графини Николь»' | 1% | target=0
2026-05-10 15:15:23,268  INFO  [20/126] https://planeta.ru/campaigns/tolstoy
2026-05-10 15:15:44,104  INFO    OK: 'Последние страницы... Лев Николаевич Толстой' | 1% | target=0
2026-05-10 15:15:47,755  INFO  [21/126] https://planeta.ru/campaigns/hbdt
2026-05-10 15:16:02,110  INFO    OK: 'Публикация книги "С днем рождения, Том!"' | 0% | target=0
2026-05-10 15:16:02,116  INFO    Сохранено. Итого: 20 OK, 0 FAIL
2026-05-10 15:16:05,407  INFO  [22/126] https://planeta.ru/campaigns/indianart
2026-05-10 15:16:18,134  INFO    OK: 'Презентация книги по искусству Индии' | 2% | target=0
2026-05-10 15:16:21,067  INFO  [23/126] https://planeta.ru/campaigns/aprilquartirnik
2026-05-10 15:16:32,181  INFO    OK: 'Апрельский квартирник' | 15% | target=0
2026-05-10 15:16:36,632  INFO  [24/126] https://planeta.ru/campaigns/183865
2026-05-10 15:16:47,262  INFO    OK: 'Выставка-конкурс "Территория творчества 2022"' | 0% | target=0
2026-05-10 15:16:50,203  INFO  [25/126] https://planeta.ru/campaigns/hustlemedia
2026-05-10 15:17:01,964  INFO    OK: 'Молодёжная медиастудия «Хасл Медиа»' | 1% | target=0
2026-05-10 15:17:05,499  INFO  [26/126] https://planeta.ru/campaigns/mgdnrock
2026-05-10 15:17:15,292  INFO    SKIP (pct=55% >= 50, не неуспешный): 'Издание книги «Я – Магаданский» Л. Рокхилла'
2026-05-10 15:17:15,292  INFO  [27/126] https://planeta.ru/campaigns/scarlet-sails
2026-05-10 15:17:25,008  INFO    SKIP (pct=50% >= 50, не неуспешный): 'Алые паруса Сарова - ремонт шхуны «Св. Павел»'
2026-05-10 15:17:25,009  INFO  [28/126] https://planeta.ru/campaigns/183335
2026-05-10 15:17:34,647  INFO    OK: 'Фестиваль творчества инвалидов Открытый Мир-3' | 1% | target=0
2026-05-10 15:17:38,966  INFO  [29/126] https://planeta.ru/campaigns/181547
2026-05-10 15:17:48,924  INFO    OK: 'Детская площадка с горкой д.Дегтярск' | 1% | target=0
2026-05-10 15:17:51,502  INFO  [30/126] https://planeta.ru/campaigns/territorybars
2026-05-10 15:18:01,596  INFO    OK: 'Территория градации Bars' | 1% | target=0
2026-05-10 15:18:05,036  INFO  [31/126] https://planeta.ru/campaigns/pamyatnikgore
2026-05-10 15:18:15,752  INFO    OK: 'Первый в мире Памятник горе. 3D проект' | 1% | target=0
2026-05-10 15:18:19,230  INFO  [32/126] https://planeta.ru/campaigns/kak_v_kino88
2026-05-10 15:18:28,963  INFO    OK: 'Веб-сериал "Как в кино"' | 1% | target=0
2026-05-10 15:18:33,237  INFO  [33/126] https://planeta.ru/campaigns/tibetan_scroll_restoration
2026-05-10 15:18:46,606  INFO    OK: 'Реставрация тибетского свитка' | 1% | target=0
2026-05-10 15:18:46,611  INFO    Сохранено. Итого: 30 OK, 0 FAIL
2026-05-10 15:18:50,511  INFO  [34/126] https://planeta.ru/campaigns/hivsave
2026-05-10 15:19:00,987  INFO    OK: 'К/М «Никто не узнает»' | 4% | target=0
2026-05-10 15:19:04,986  INFO  [35/126] https://planeta.ru/campaigns/186133
2026-05-10 15:19:21,739  INFO    OK: 'ИЗГОЙ короткометражный фильм' | 7% | target=0
2026-05-10 15:19:25,664  INFO  [36/126] https://planeta.ru/campaigns/atmosfera_for_it_family
2026-05-10 15:19:36,351  INFO    OK: 'АТМОСФЕРА - центр развития ИТ детей и семей' | 0% | target=0
2026-05-10 15:19:38,870  INFO  [37/126] https://planeta.ru/campaigns/eva2022
2026-05-10 15:19:48,198  INFO    OK: 'Короткометражный фильм "Ева"' | 4% | target=0
2026-05-10 15:19:52,581  INFO  [38/126] https://planeta.ru/campaigns/181144
2026-05-10 15:20:02,109  INFO    OK: 'Экотропа "Мининские столбы"' | 1% | target=0
2026-05-10 15:20:04,884  INFO  [39/126] https://planeta.ru/campaigns/kraski
2026-05-10 15:20:18,593  INFO    OK: 'Художественный фильм "Гошины краски"' | 6% | target=0
2026-05-10 15:20:22,321  INFO  [40/126] https://planeta.ru/campaigns/179766
2026-05-10 15:20:36,385  INFO    OK: 'Дерева мать' | 13% | target=0
2026-05-10 15:20:40,873  INFO  [41/126] https://planeta.ru/campaigns/starrtysky
2026-05-10 15:20:50,966  INFO    OK: 'Звёздная карта важного события StarrySky' | 1% | target=0
2026-05-10 15:20:55,024  INFO  [42/126] https://planeta.ru/campaigns/surprisedroy
2026-05-10 15:21:06,537  INFO    OK: 'Арт-проект «Удивленный Рой. Цифрореальность»' | 1% | target=0
2026-05-10 15:21:09,696  INFO  [43/126] https://planeta.ru/campaigns/uralvtor
2026-05-10 15:21:23,526  INFO    OK: 'Пункт приёма и переработки вторсырья' | 1% | target=0
2026-05-10 15:21:23,537  INFO    Сохранено. Итого: 40 OK, 0 FAIL
2026-05-10 15:21:27,176  INFO  [44/126] https://planeta.ru/campaigns/street_domestic
2026-05-10 15:21:38,383  INFO    OK: 'Фотовыставка историй кошек «Уличный/Домашний»' | 22% | target=0
2026-05-10 15:21:41,642  INFO  [45/126] https://planeta.ru/campaigns/madamkruje
2026-05-10 15:21:56,622  INFO    OK: 'Календарь «Сплетено в Вологде» на 2023 год' | 30% | target=0
2026-05-10 15:22:00,548  INFO  [46/126] https://planeta.ru/campaigns/180733
2026-05-10 15:22:18,082  INFO    OK: 'Социальная сеть «Rosbook»' | 0% | target=0
2026-05-10 15:22:21,109  INFO  [47/126] https://planeta.ru/campaigns/project911
2026-05-10 15:22:43,523  INFO    OK: 'Project 911 - Игра в жанре "симулятор"' | 0% | target=0
2026-05-10 15:22:47,358  INFO  [48/126] https://planeta.ru/campaigns/181932
2026-05-10 15:22:56,184  WARNING    Страница не найдена (404): https://planeta.ru/campaigns/181932
2026-05-10 15:22:56,186  WARNING    FAIL: https://planeta.ru/campaigns/181932
2026-05-10 15:22:59,676  INFO  [49/126] https://planeta.ru/campaigns/beersaver
2026-05-10 15:23:09,048  INFO    OK: 'Патент на рюкзак-холодильник (автономный)' | 0% | target=0
2026-05-10 15:23:12,250  INFO  [50/126] https://planeta.ru/campaigns/sanitariya
2026-05-10 15:23:22,411  INFO    OK: 'Санитария.рф - платформа пищевой безопасности' | 1% | target=0
2026-05-10 15:23:24,981  INFO  [51/126] https://planeta.ru/campaigns/bim-portal
2026-05-10 15:23:34,797  INFO    OK: 'BIM портал - веб-сайт о BIM и ИТ технологиях' | 1% | target=0
2026-05-10 15:23:37,557  INFO  [52/126] https://planeta.ru/campaigns/184812
2026-05-10 15:23:53,278  INFO    OK: 'Умные пайетки' | 1% | target=0
2026-05-10 15:23:56,884  INFO  [53/126] https://planeta.ru/campaigns/vpnsibcom
2026-05-10 15:24:06,158  INFO    OK: 'Разработка VPN сервиса «VPNsibcom»' | 0% | target=0
2026-05-10 15:24:10,110  INFO  [54/126] https://planeta.ru/campaigns/quantumproject
2026-05-10 15:24:24,449  INFO    OK: 'Выставка о квантовой физике + VR и AR' | 1% | target=0
2026-05-10 15:24:24,457  INFO    Сохранено. Итого: 50 OK, 1 FAIL
2026-05-10 15:24:27,727  INFO  [55/126] https://planeta.ru/campaigns/185497
2026-05-10 15:24:39,294  INFO    OK: 'Маркетплейс авторских туров Traveler Market' | 10% | target=0
2026-05-10 15:24:43,745  INFO  [56/126] https://planeta.ru/campaigns/182802
2026-05-10 15:25:02,918  INFO    OK: 'Бесплатные Вечеринки в горах Кубани и Адыгеи' | 0% | target=0
2026-05-10 15:25:06,849  INFO  [57/126] https://planeta.ru/campaigns/183107
2026-05-10 15:25:17,567  INFO    OK: 'Сельский туризм. Комфорт гостям Familyglamp.' | 1% | target=0
2026-05-10 15:25:21,681  INFO  [58/126] https://planeta.ru/campaigns/kuda_vihodnoy_den_s_papoy
2026-05-10 15:25:37,200  INFO    OK: 'Разработка маршрута для пап с детьми' | 11% | target=0
2026-05-10 15:25:40,676  INFO  [59/126] https://planeta.ru/campaigns/181221
2026-05-10 15:26:10,069  INFO    OK: 'Спортивный зал OCR для детей и взрослых' | 2% | target=0
2026-05-10 15:26:12,934  INFO  [60/126] https://planeta.ru/campaigns/ethiopia_psy
2026-05-10 15:26:25,107  INFO    OK: 'Документальное кино Долгий путь домой Эфиопия' | 5% | target=0
2026-05-10 15:26:29,286  INFO  [61/126] https://planeta.ru/campaigns/vvp_irk
2026-05-10 15:26:38,402  INFO    OK: '"Великий велосипедный путь".Иркутская область' | 1% | target=0
2026-05-10 15:26:41,492  INFO  [62/126] https://planeta.ru/campaigns/sbadblock
2026-05-10 15:26:50,719  INFO    OK: 'Сборно-аддитивный блок' | 1% | target=0
2026-05-10 15:26:53,585  INFO  [63/126] https://planeta.ru/campaigns/leschudes
2026-05-10 15:27:10,122  INFO    OK: 'Сказочный лес для особенных детей' | 14% | target=0
2026-05-10 15:27:12,952  INFO  [64/126] https://planeta.ru/campaigns/electrum
2026-05-10 15:27:23,144  INFO    OK: 'Сетевой отель Electrum' | 1% | target=0
2026-05-10 15:27:23,148  INFO    Сохранено. Итого: 60 OK, 1 FAIL
2026-05-10 15:27:27,547  INFO  [65/126] https://planeta.ru/campaigns/kibaprint
2026-05-10 15:27:47,348  INFO    OK: '"KIBA|PRINT" Оперативная полиграфия' | 1% | target=0
2026-05-10 15:27:50,035  INFO  [66/126] https://planeta.ru/campaigns/cicipici_underwear
2026-05-10 15:28:00,723  INFO    OK: 'БРЕНД CiciPici новая коллекция нижнего белья' | 1% | target=0
2026-05-10 15:28:04,996  INFO  [67/126] https://planeta.ru/campaigns/184624
2026-05-10 15:28:14,622  INFO    OK: 'Ремонт и продажа ноутбуков, ПК, комплектующих' | 1% | target=0
2026-05-10 15:28:17,781  INFO  [68/126] https://planeta.ru/campaigns/asicshelfmining
2026-05-10 15:28:44,826  INFO    OK: 'ASICshelf - Решения для майнинга' | 1% | target=0
2026-05-10 15:28:49,326  INFO  [69/126] https://planeta.ru/campaigns/satin
2026-05-10 15:28:58,584  INFO    OK: 'Производство постельного белья в России' | 1% | target=0
2026-05-10 15:29:01,209  INFO  [70/126] https://planeta.ru/campaigns/178863
2026-05-10 15:29:10,142  INFO    OK: 'Стоматологический микроскоп для лечения' | 1% | target=0
2026-05-10 15:29:13,934  INFO  [71/126] https://planeta.ru/campaigns/evoelement
2026-05-10 15:29:37,237  INFO    OK: 'Evoelement - производство полезных продуктов' | 1% | target=0
2026-05-10 15:29:41,414  INFO  [72/126] https://planeta.ru/campaigns/isozer
2026-05-10 15:29:52,762  INFO    OK: 'Нужно экстренное лечение 10 кошкам' | 8% | target=0
2026-05-10 15:29:56,324  INFO  [73/126] https://planeta.ru/campaigns/148598
2026-05-10 15:30:06,618  INFO    OK: 'Помогите Владу дышать' | 16% | target=0
2026-05-10 15:30:09,974  INFO  [74/126] https://planeta.ru/campaigns/stuljya
2026-05-10 15:30:20,602  INFO    SKIP (pct=120% >= 50, не неуспешный): 'Стулья для детей с ДЦП'
2026-05-10 15:30:20,603  INFO  [75/126] https://planeta.ru/campaigns/porovny
2026-05-10 15:30:29,896  INFO    SKIP (pct=100% >= 50, не неуспешный): 'Всем поровну: дробилка для мясной продукции'
2026-05-10 15:30:29,897  INFO  [76/126] https://planeta.ru/campaigns/shanszoopskov2
2026-05-10 15:30:40,777  INFO    OK: 'Вместе заложим фундамент добра!' | 21% | target=0
2026-05-10 15:30:40,788  INFO    Сохранено. Итого: 70 OK, 1 FAIL
2026-05-10 15:30:44,084  INFO  [77/126] https://planeta.ru/campaigns/106641
2026-05-10 15:30:53,111  INFO    OK: 'Издание книги «Эрик. Эрнест. Эрнест Наумович»' | 13% | target=0
2026-05-10 15:30:56,443  INFO  [78/126] https://planeta.ru/campaigns/timville
2026-05-10 15:31:05,639  INFO    OK: 'Нуждаемся в помощи: экстренный переезд приюта' | 30% | target=0
2026-05-10 15:31:09,452  INFO  [79/126] https://planeta.ru/campaigns/inclusionnsk
2026-05-10 15:31:24,820  INFO    OK: 'Новый пол для театра-школы «Инклюзион»' | 19% | target=0
2026-05-10 15:31:29,008  INFO  [80/126] https://planeta.ru/campaigns/175350
2026-05-10 15:31:49,842  INFO    OK: 'Наравне со всеми!' | 3% | target=0
2026-05-10 15:31:53,690  INFO  [81/126] https://planeta.ru/campaigns/179534
2026-05-10 15:32:02,872  INFO    OK: 'Горячие обеды для пожилых одиноких людей' | 2% | target=0
2026-05-10 15:32:07,286  INFO  [82/126] https://planeta.ru/campaigns/177262
2026-05-10 15:32:16,701  INFO    OK: 'Выездная стерилизация животных Подмосковья' | 13% | target=0
2026-05-10 15:32:20,671  INFO  [83/126] https://planeta.ru/campaigns/184809
2026-05-10 15:32:31,685  INFO    OK: 'Благотворительная акция "Чудо-ёлка - 2022"' | 13% | target=0
2026-05-10 15:32:34,542  INFO  [84/126] https://planeta.ru/campaigns/181180
2026-05-10 15:32:58,832  INFO    OK: '"КотоЧердак" Инклюзивные мастерские и кафе' | 4% | target=0
2026-05-10 15:33:03,221  INFO  [85/126] https://planeta.ru/campaigns/179897
2026-05-10 15:33:12,316  INFO    OK: 'Юридическое агентство для ветеранов' | 2% | target=0
2026-05-10 15:33:15,785  INFO  [86/126] https://planeta.ru/campaigns/merengi
2026-05-10 15:33:25,032  INFO    OK: 'Барабанная установка для особенной базы' | 1% | target=0
2026-05-10 15:33:25,038  INFO    Сохранено. Итого: 80 OK, 1 FAIL
2026-05-10 15:33:28,367  INFO  [87/126] https://planeta.ru/campaigns/blizhe_k_prirode
2026-05-10 15:33:45,039  INFO    OK: 'Календари на 2023 год «Ближе к природе»' | 5% | target=0
2026-05-10 15:33:48,138  INFO  [88/126] https://planeta.ru/campaigns/drumsolblblbl
2026-05-10 15:33:57,275  INFO    OK: 'Цветной Винил. Дебютный альбом' | 5% | target=0
2026-05-10 15:34:01,295  INFO  [89/126] https://planeta.ru/campaigns/zverokat
2026-05-10 15:34:13,126  INFO    OK: 'Зверокат - Дом ездовых собак' | 9% | target=0
2026-05-10 15:34:16,767  INFO  [90/126] https://planeta.ru/campaigns/jayakarelia
2026-05-10 15:34:32,086  INFO    OK: 'Выпечка и сладости с пользой из Карелии' | 6% | target=0
2026-05-10 15:34:34,893  INFO  [91/126] https://planeta.ru/campaigns/alexberry
2026-05-10 15:34:47,213  INFO    OK: 'Студия массажа ALEXBERRY' | 1% | target=0
2026-05-10 15:34:50,110  INFO  [92/126] https://planeta.ru/campaigns/ww555xx555ww
2026-05-10 15:34:59,142  INFO    OK: 'Кейтеринг доставка питания на работу' | 1% | target=0
2026-05-10 15:35:03,581  INFO  [93/126] https://planeta.ru/campaigns/d_a_z_h_e
2026-05-10 15:35:30,828  INFO    OK: 'Собственный бренд одежды D.A.Z.H.E.' | 1% | target=0
2026-05-10 15:35:33,520  INFO  [94/126] https://planeta.ru/campaigns/petrichor
2026-05-10 15:35:42,729  INFO    OK: 'Кинокомпания Петрикор' | 1% | target=0
2026-05-10 15:35:46,902  INFO  [95/126] https://planeta.ru/campaigns/181735
2026-05-10 15:35:55,901  INFO    OK: 'Открытие Психологического центра им. В. Райха' | 1% | target=0
2026-05-10 15:35:59,867  INFO  [96/126] https://planeta.ru/campaigns/greenline
2026-05-10 15:36:11,657  INFO    OK: 'ЭКО-продукция Green Line' | 1% | target=0
2026-05-10 15:36:11,671  INFO    Сохранено. Итого: 90 OK, 1 FAIL
2026-05-10 15:36:15,595  INFO  [97/126] https://planeta.ru/campaigns/182409
2026-05-10 15:36:25,141  INFO    OK: 'Открытие центра регрессивного гипноза Ли-грен' | 1% | target=0
2026-05-10 15:36:28,703  INFO  [98/126] https://planeta.ru/campaigns/topservice
2026-05-10 15:36:38,410  INFO    OK: 'TOP Service - СТО эконом класса' | 1% | target=0
2026-05-10 15:36:42,792  INFO  [99/126] https://planeta.ru/campaigns/183334
2026-05-10 15:37:10,807  INFO    OK: 'Ремонт и восстановление б/у техники' | 1% | target=0
2026-05-10 15:37:15,210  INFO  [100/126] https://planeta.ru/campaigns/184067
2026-05-10 15:37:24,671  INFO    OK: '"Gentelman for Lady" уникальный Lash-салон' | 1% | target=0
2026-05-10 15:37:28,213  INFO  [101/126] https://planeta.ru/campaigns/182783
2026-05-10 15:37:37,431  INFO    OK: 'Гибкий камень' | 1% | target=0
2026-05-10 15:37:41,552  INFO  [102/126] https://planeta.ru/campaigns/titanfox
2026-05-10 15:38:01,599  INFO    OK: 'Гриндер для ножевой мастерской' | 0% | target=0
2026-05-10 15:38:04,620  INFO  [103/126] https://planeta.ru/campaigns/com_club_14
2026-05-10 15:38:13,955  INFO    OK: 'Создание компьютерного клуба' | 0% | target=0
2026-05-10 15:38:16,648  INFO  [104/126] https://planeta.ru/campaigns/176360
2026-05-10 15:38:25,748  INFO    OK: 'Йога на фитболе для бабушки Оли' | 13% | target=0
2026-05-10 15:38:28,756  INFO  [105/126] https://planeta.ru/campaigns/goodnight
2026-05-10 15:38:40,262  INFO    OK: 'Спокойной ночи, малыши' | 1% | target=0
2026-05-10 15:38:42,987  INFO  [106/126] https://planeta.ru/campaigns/181411
2026-05-10 15:38:52,609  INFO    OK: 'Поможем Степану и Демиду!' | 4% | target=0
2026-05-10 15:38:52,614  INFO    Сохранено. Итого: 100 OK, 1 FAIL
2026-05-10 15:38:55,557  INFO  [107/126] https://planeta.ru/campaigns/roma_m
2026-05-10 15:39:06,044  INFO    OK: 'Роме крайне необходимы средства реабилитации' | 2% | target=0
2026-05-10 15:39:09,584  INFO  [108/126] https://planeta.ru/campaigns/shans_zhezn
2026-05-10 15:39:20,754  INFO    OK: 'Ремонт помещения для содержания бездомных мяу' | 6% | target=0
2026-05-10 15:39:24,055  INFO  [109/126] https://planeta.ru/campaigns/za_dashu
2026-05-10 15:39:33,975  INFO    OK: 'Помочь Даше из Луганска вернуть детей' | 23% | target=0
2026-05-10 15:39:37,252  INFO  [110/126] https://planeta.ru/campaigns/pomogizhit_rentgen
2026-05-10 15:39:46,953  INFO    OK: 'Животным приюта очень нужен рентген аппарат' | 33% | target=0
2026-05-10 15:39:50,974  INFO  [111/126] https://planeta.ru/campaigns/radost_rabotat
2026-05-10 15:40:04,658  INFO    OK: 'Радость работать' | 17% | target=0
2026-05-10 15:40:07,309  INFO  [112/126] https://planeta.ru/campaigns/182517
2026-05-10 15:40:27,487  INFO    OK: 'Чтобы Настя могла расти и развиваться' | 16% | target=0
2026-05-10 15:40:31,472  INFO  [113/126] https://planeta.ru/campaigns/181912
2026-05-10 15:40:44,059  INFO    OK: 'Лаборатория речи' | 12% | target=0
2026-05-10 15:40:48,479  INFO  [114/126] https://planeta.ru/campaigns/182562
2026-05-10 15:40:59,978  INFO    SKIP (pct=102% >= 50, не неуспешный): 'Реабилитация для маленького Серёжи'
2026-05-10 15:40:59,979  INFO  [115/126] https://planeta.ru/campaigns/zabotaufa
2026-05-10 15:41:10,242  INFO    OK: 'Особая забота' | 5% | target=0
2026-05-10 15:41:14,682  INFO  [116/126] https://planeta.ru/campaigns/tg_deadline
2026-05-10 15:41:50,396  INFO    OK: 'Настольная игра «Дедлайн»' | 2% | target=0
2026-05-10 15:41:54,613  INFO  [117/126] https://planeta.ru/campaigns/business-kids
2026-05-10 15:42:07,149  INFO    OK: 'Карточные настольные бизнес игры' | 1% | target=0
2026-05-10 15:42:07,162  INFO    Сохранено. Итого: 110 OK, 1 FAIL
2026-05-10 15:42:11,638  INFO  [118/126] https://planeta.ru/campaigns/ellmaxico
2026-05-10 15:42:19,610  WARNING    Страница не найдена (404): https://planeta.ru/campaigns/ellmaxico
2026-05-10 15:42:19,610  WARNING    FAIL: https://planeta.ru/campaigns/ellmaxico
2026-05-10 15:42:22,832  INFO  [119/126] https://planeta.ru/campaigns/182340
2026-05-10 15:42:32,383  INFO    OK: 'Книга Я и ты' | 1% | target=0
2026-05-10 15:42:35,747  INFO  [120/126] https://planeta.ru/campaigns/177241
2026-05-10 15:42:45,836  INFO    OK: 'Укулеле - незрячим. Аудио-курс. Самоучитель' | 31% | target=0
2026-05-10 15:42:48,948  INFO  [121/126] https://planeta.ru/campaigns/183840
2026-05-10 15:42:56,923  WARNING    Страница не найдена (404): https://planeta.ru/campaigns/183840
2026-05-10 15:42:56,924  WARNING    FAIL: https://planeta.ru/campaigns/183840
2026-05-10 15:43:01,036  INFO  [122/126] https://planeta.ru/campaigns/iecsunrise
2026-05-10 15:43:10,436  INFO    OK: 'Инновационный эко центр "Рассвет"' | 1% | target=0
2026-05-10 15:43:13,535  INFO  [123/126] https://planeta.ru/campaigns/143457
2026-05-10 15:43:23,036  INFO    OK: 'Тренировки по плаванию для нуждающихся детей' | 1% | target=0
2026-05-10 15:43:26,329  INFO  [124/126] https://planeta.ru/campaigns/186302
2026-05-10 15:43:36,585  INFO    OK: '"Герои Города" ждут!' | 1% | target=0
2026-05-10 15:43:39,215  INFO  [125/126] https://planeta.ru/campaigns/181237
2026-05-10 15:43:48,978  INFO    OK: 'Новый тип автоматической коробки передач' | 1% | target=0
2026-05-10 15:43:51,487  INFO  [126/126] https://planeta.ru/campaigns/180574
2026-05-10 15:44:00,665  INFO    OK: 'Питоня' | 1% | target=0
2026-05-10 15:44:05,225  INFO  ИТОГО в planeta_class0.csv: 116 строк
